 
### targetp v1.1 prediction results ##################################
Number of query sequences:  739
Cleavage site predictions included.
Using NON-PLANT networks.

Name                  Len            mTP     SP  other  Loc  RC  TPlen
----------------------------------------------------------------------
Saccharomyces_cerevi  222          0.062  0.064  0.945   _    1      -
Gossypium_raimondii   208          0.119  0.029  0.937   _    1      -
Brassica_napus        180          0.026  0.206  0.945   _    2      -
Bactrocera_latifrons  251          0.673  0.047  0.266   M    3     73
Theileria_orientalis  175          0.129  0.078  0.839   _    2      -
Clupea_harengus       200          0.140  0.049  0.880   _    2      -
Blastocystis_sp._ST4  177          0.095  0.119  0.784   _    2      -
Condylura_cristata    202          0.177  0.578  0.150   S    3      -
Sarcophilus_harrisii  164          0.283  0.050  0.742   _    3      -
Aspergillus_lentulus  197          0.041  0.140  0.928   _    2      -
Bipolaris_oryzae_ATC  609          0.234  0.039  0.830   _    3      -
Austrofundulus_limna  121          0.147  0.109  0.738   _    3      -
Saccharomyces_cerevi  222          0.062  0.064  0.945   _    1      -
Penicillium_camember  204          0.138  0.061  0.864   _    2      -
Clostridium_pasteuri  364          0.163  0.702  0.067   S    3      -
Neospora_caninum_Liv  189          0.216  0.015  0.917   _    2      -
Saccharomyces_cerevi  222          0.062  0.065  0.944   _    1      -
Saccharomyces_cerevi  222          0.062  0.065  0.944   _    1      -
Heterocephalus_glabe  171          0.122  0.071  0.865   _    2      -
Saccharomyces_cerevi  222          0.062  0.064  0.945   _    1      -
Saccharomyces_cerevi  222          0.062  0.064  0.945   _    1      -
Pseudocohnilembus_pe  241          0.118  0.096  0.878   _    2      -
Saccharomyces_cerevi  222          0.065  0.061  0.945   _    1      -
Saccharomyces_cerevi  222          0.062  0.064  0.945   _    1      -
Saccharomyces_cerevi  222          0.062  0.064  0.945   _    1      -
Saccharomyces_cerevi  222          0.062  0.064  0.945   _    1      -
Trichoderma_reesei_R  227          0.054  0.675  0.568   S    5      -
Metarhizium_brunneum  207          0.039  0.166  0.925   _    2      -
Halyomorpha_halys     221          0.486  0.029  0.607   _    5      -
Saccharomyces_cerevi  222          0.062  0.065  0.944   _    1      -
Pundamilia_nyererei   144          0.020  0.338  0.885   _    3      -
Xenopus_laevis        256          0.120  0.052  0.878   _    2      -
Cynara_cardunculus_v  186          0.060  0.078  0.916   _    1      -
Fusarium_oxysporum_f  239          0.538  0.039  0.520   M    5     43
Moesziomyces_antarct  164          0.025  0.289  0.873   _    3      -
Capra_hircus          182          0.219  0.115  0.701   _    3      -
Setosphaeria_turcica  195          0.062  0.110  0.833   _    2      -
Madurella_mycetomati  238          0.693  0.028  0.418   M    4     99
Exophiala_dermatitid  212          0.055  0.296  0.843   _    3      -
Coniosporium_apollin  132          0.141  0.219  0.667   _    3      -
Saccharomyces_sp._'b  239          0.945  0.016  0.114   M    1     70
Fusarium_oxysporum_f  152          0.044  0.309  0.757   _    3     79
Plasmodium_falciparu  193          0.081  0.045  0.950   _    1      -
Nosema_apis_BRL_01    112          0.153  0.143  0.564   _    3      -
Fusarium_oxysporum_f  239          0.538  0.039  0.520   M    5     79
Camelus_ferus         319          0.166  0.467  0.166   S    4      -
Bos_mutus             319          0.177  0.477  0.153   S    4      -
Malassezia_pachyderm  280          0.035  0.355  0.835   _    3      -
Phaseolus_vulgaris    160          0.067  0.286  0.900   _    2      -
Pseudomonas_fluoresc  188          0.082  0.699  0.397   S    4      -
Latimeria_chalumnae   178          0.035  0.159  0.922   _    2      -
Daphnia_magna         224          0.037  0.120  0.952   _    1      -
Python_bivittatus     171          0.130  0.073  0.857   _    2      -
Nomascus_leucogenys   236          0.211  0.157  0.421   _    4      -
Trypanosoma_grayi     152          0.037  0.221  0.902   _    2      -
Colletotrichum_tofie  241          0.299  0.052  0.733   _    3      -
Blastocystis_sp._Nan  190          0.052  0.138  0.936   _    2      -
Coccidioides_immitis  197          0.068  0.106  0.919   _    1      -
Punctularia_strigoso  204          0.039  0.126  0.940   _    1      -
Priapulus_caudatus    162          0.749  0.031  0.234   M    3     79
Sugiyamaella_lignoha  515          0.900  0.015  0.174   M    2     27
Crassostrea_gigas     176          0.061  0.283  0.808   _    3      -
Macaca_nemestrina     114          0.101  0.155  0.836   _    2      -
Sporisorium_scitamin  231          0.871  0.031  0.120   M    2     49
Maylandia_zebra       168          0.021  0.169  0.951   _    2      -
Drosophila_simulans   222          0.049  0.226  0.812   _    3      -
Candida_glabrata      161          0.025  0.176  0.910   _    2      -
Anser_cygnoides_dome  181          0.946  0.058  0.057   M    1     44
Acinonyx_jubatus      150          0.677  0.028  0.302   M    4      6
Fusarium_oxysporum_f  145          0.106  0.432  0.353   S    5      -
Aspergillus_ruber_CB  205          0.217  0.060  0.783   _    3      -
Saccharomyces_cerevi  222          0.062  0.064  0.945   _    1      -
Tetrahymena_thermoph  222          0.249  0.047  0.767   _    3      -
Vigna_angularis_var.  160          0.058  0.314  0.904   _    3      -
Sinocyclocheilus_ans  208          0.167  0.052  0.822   _    2      -
Trypanosoma_brucei_g  152          0.040  0.209  0.925   _    2      -
Saccharomyces_cerevi  222          0.062  0.064  0.945   _    1      -
Saccharomyces_cerevi  222          0.062  0.064  0.945   _    1      -
Fusarium_fujikuroi    239          0.537  0.038  0.525   M    5    115
Toxoplasma_gondii_VE  188          0.246  0.013  0.898   _    2      -
Plasmodium_gaboni     167          0.053  0.055  0.956   _    1      -
Parasteatoda_tepidar  196          0.097  0.096  0.859   _    2      -
Eutrema_salsugineum   169          0.115  0.042  0.892   _    2      -
Lachancea_quebecensi  216          0.144  0.055  0.855   _    2      -
Ceraceosorus_bombaci  184          0.078  0.172  0.858   _    2      -
Fusarium_avenaceum    218          0.057  0.196  0.883   _    2      -
Takifugu_rubripes     202          0.151  0.053  0.859   _    2      -
Saccharomyces_cerevi  222          0.062  0.065  0.944   _    1      -
Valsa_mali            198          0.034  0.144  0.937   _    2      -
Saccharomyces_cerevi  222          0.062  0.064  0.945   _    1      -
Saccharomyces_cerevi  222          0.062  0.064  0.945   _    1      -
Saccharomyces_cerevi  222          0.062  0.065  0.944   _    1      -
Echinops_telfairi     391          0.070  0.388  0.687   _    4      -
Saccharomyces_cerevi  222          0.062  0.065  0.944   _    1      -
Ixodes_scapularis     160          0.053  0.095  0.908   _    1      -
Loa_loa               141          0.302  0.060  0.544   _    4      -
Bombyx_mori           152          0.235  0.363  0.277   S    5      -
Trichinella_papuae    299          0.088  0.077  0.904   _    1      -
Metarhizium_majus_AR  154          0.042  0.172  0.834   _    2      -
Exophiala_xenobiotic  174          0.277  0.069  0.731   _    3      -
Burkholderia_anthina  413          0.212  0.055  0.729   _    3      -
Pseudogymnoascus_des  159          0.068  0.142  0.827   _    2      -
Saccharomyces_cerevi  222          0.062  0.065  0.944   _    1      -
Toxoplasma_gondii_ME  229          0.467  0.020  0.610   _    5      -
Saccharomyces_cerevi  222          0.062  0.064  0.945   _    1      -
Monoraphidium_neglec  232          0.139  0.056  0.878   _    2      -
Capitella_teleta      202          0.669  0.064  0.317   M    4     98
Phaeobacter_sp._CECT  281          0.070  0.974  0.046   S    1      -
Penicillium_oxalicum  174          0.167  0.045  0.871   _    2      -
Hanseniaspora_uvarum  210          0.160  0.066  0.807   _    2      -
Schizosaccharomyces_  210          0.103  0.067  0.891   _    2      -
Triatoma_infestans    163          0.164  0.104  0.765   _    2      -
Rhipicephalus_append  198          0.113  0.090  0.862   _    2      -
Burkholderia_sp._RF7 4478          0.083  0.194  0.826   _    2      -
Burkholderia_ubonens  237          0.317  0.054  0.702   _    4      -
Burkholderia_sp._RF7 4478          0.083  0.194  0.826   _    2      -
Phialocephala_scopif  218          0.525  0.044  0.546   _    5      -
Pseudomonas_fluoresc  188          0.082  0.699  0.397   S    4      -
Pogonomyrmex_barbatu  215          0.535  0.070  0.310   M    4    103
Lygus_hesperus        192          0.137  0.033  0.897   _    2      -
Plasmodium_falciparu  177          0.084  0.143  0.843   _    2      -
fungal_sp._No.11243   199          0.056  0.075  0.949   _    1      -
Hyalomma_excavatum    198          0.120  0.086  0.855   _    2      -
Myotis_brandtii       176          0.047  0.689  0.477   S    4      -
Paracoccidioides_lut  202          0.537  0.047  0.477   M    5     26
Cynoglossus_semilaev  312          0.633  0.071  0.237   M    4     80
Saccharomyces_cerevi  222          0.062  0.065  0.944   _    1      -
Macaca_fascicularis   141          0.061  0.236  0.862   _    2      -
Aspergillus_oryzae_R  184          0.116  0.262  0.581   _    4      -
Saccharomyces_cerevi  222          0.062  0.065  0.944   _    1      -
Saccharomyces_cerevi  222          0.062  0.065  0.943   _    1      -
Sphaeroforma_arctica  227          0.093  0.065  0.925   _    1      -
Otolemur_garnettii    175          0.093  0.085  0.888   _    2      -
Saprolegnia_parasiti  155          0.063  0.243  0.833   _    3      -
Saccharomyces_cerevi  222          0.062  0.064  0.945   _    1      -
Paraburkholderia_fun  164          0.198  0.770  0.031   S    3      -
Ascosphaera_apis_ARS  339          0.050  0.058  0.966   _    1      -
Debaryomyces_fabryi   199          0.082  0.146  0.903   _    2      -
Prunus_mume           133          0.076  0.061  0.916   _    1      -
Leptomonas_seymouri   305          0.529  0.066  0.318   M    4     17
Fusarium_oxysporum_f  239          0.538  0.039  0.520   M    5     43
Saccharomyces_cerevi  222          0.062  0.064  0.945   _    1      -
Fusarium_oxysporum_f  152          0.044  0.309  0.757   _    3      -
Phanerochaete_carnos  302          0.287  0.073  0.590   _    4      -
Citrus_sinensis       259          0.095  0.075  0.878   _    2      -
Encephalitozoon_cuni  124          0.093  0.045  0.906   _    1      -
Saccharomyces_cerevi  222          0.062  0.064  0.945   _    1      -
Aspergillus_kawachii  216          0.095  0.196  0.829   _    2      -
Coprococcus_eutactus  428          0.056  0.076  0.943   _    1      -
Ovis_aries            166          0.052  0.198  0.868   _    2      -
Bipolaris_maydis_C5   195          0.097  0.109  0.824   _    2      -
Saccharomyces_cerevi  476          0.973  0.007  0.090   M    1     98
Glycine_max           143          0.124  0.144  0.748   _    2      -
Sus_scrofa            141          0.061  0.206  0.875   _    2      -
Cicer_arietinum       204          0.050  0.082  0.947   _    1      -
Amyelois_transitella  165          0.019  0.234  0.942   _    2      -
Callorhinchus_milii   166          0.029  0.165  0.938   _    2      -
Nothobranchius_furze  211          0.081  0.053  0.929   _    1      -
Chinchilla_lanigera   172          0.020  0.210  0.944   _    2      -
Fusarium_oxysporum_f  145          0.106  0.432  0.353   S    5      -
Brassica_oleracea_va  148          0.226  0.142  0.555   _    4      -
Neurospora_crassa_OR  194          0.150  0.107  0.760   _    2      -
Aspergillus_ochraceo  217          0.124  0.154  0.814   _    2      -
Grosmannia_clavigera  154          0.050  0.222  0.822   _    3      -
Saccharomyces_cerevi  222          0.062  0.065  0.944   _    1      -
Dothistroma_septospo  234          0.085  0.069  0.936   _    1      -
Melipona_quadrifasci  183          0.572  0.068  0.374   M    5     42
Ictidomys_tridecemli  202          0.190  0.301  0.249   S    5      -
Zonotrichia_albicoll  136          0.144  0.167  0.605   _    3      -
Rattus_norvegicus     192          0.050  0.166  0.917   _    2      -
Rhizophagus_irregula  158          0.033  0.328  0.899   _    3      -
Ophiocordyceps_sinen  198          0.082  0.205  0.870   _    2      -
Saccharum_hybrid_cul  277          0.776  0.021  0.271   M    3     12
Leucoagaricus_sp._Sy  213          0.410  0.033  0.662   _    4      -
Spinacia_oleracea     168          0.112  0.076  0.916   _    1      -
Zea_mays              271          0.710  0.049  0.251   M    3     14
Xiphophorus_maculatu  305          0.346  0.396  0.162   S    5      -
Plasmodium_falciparu  193          0.081  0.045  0.950   _    1      -
Tribolium_castaneum   198          0.065  0.033  0.954   _    1      -
Taeniopygia_guttata   136          0.150  0.160  0.604   _    3      -
Trichinella_patagoni  154          0.161  0.267  0.545   _    4      -
Endocarpon_pusillum_  209          0.097  0.243  0.715   _    3      -
Puccinia_sorghi       185          0.425  0.098  0.438   _    5      -
Isaria_fumosorosea_A  239          0.332  0.060  0.622   _    4      -
Leishmania_mexicana_  306          0.425  0.033  0.631   _    4      -
Sclerotinia_scleroti  221          0.223  0.042  0.832   _    2      -
Nosema_ceranae        115          0.227  0.042  0.787   _    3      -
Fusarium_oxysporum_f  177          0.953  0.021  0.055   M    1     50
Fonticula_alba        221          0.334  0.384  0.316   S    5      -
Lumnitzera_racemosa    35          0.119  0.051  0.875   _    2      -
Blastomyces_dermatit  160          0.074  0.175  0.748   _    3      -
Rousettus_aegyptiacu  174          0.141  0.099  0.830   _    2      -
Tabanus_bromius       199          0.122  0.112  0.828   _    2      -
Saccharomyces_cerevi  222          0.062  0.064  0.945   _    1      -
Rhizopus_delemar_RA_  221          0.111  0.045  0.905   _    2      -
Saccharomyces_cerevi  222          0.062  0.064  0.945   _    1      -
Monodelphis_domestic  374          0.102  0.517  0.198   S    4      -
Nasonia_vitripennis   182          0.067  0.330  0.769   _    3      -
Aotus_nancymaae       141          0.088  0.173  0.816   _    2      -
Diachasma_alloeum     206          0.070  0.035  0.959   _    1      -
Auxenochlorella_prot  196          0.590  0.098  0.361   M    4     24
Microcebus_murinus    119          0.856  0.192  0.034   M    2     77
Anthracocystis_flocc  191          0.053  0.245  0.813   _    3      -
Fusarium_graminearum  152          0.053  0.208  0.835   _    2      -
Saccharomyces_cerevi  222          0.062  0.066  0.943   _    1      -
Bodo_saltans          225          0.188  0.175  0.716   _    3      -
Blastomyces_dermatit  123          0.076  0.168  0.740   _    3      -
Gekko_japonicus       460          0.175  0.105  0.755   _    3      -
Mortierella_elongata  203          0.066  0.047  0.950   _    1      -
Emmonsia_parva_UAMH_  217          0.100  0.157  0.859   _    2      -
Neonectria_ditissima  241          0.334  0.034  0.712   _    4      -
Aspergillus_luchuens  202          0.200  0.059  0.801   _    2      -
Guillardia_theta_CCM  135          0.085  0.262  0.727   _    3      -
Nematocida_parisii_E  119          0.208  0.106  0.596   _    4      -
Agaricus_bisporus_va  212          0.052  0.060  0.955   _    1      -
Mixia_osmundae_IAM_1  183          0.077  0.280  0.695   _    3      -
Ophiocordyceps_unila  154          0.043  0.275  0.775   _    3      -
Operophtera_brumata   164          0.023  0.216  0.936   _    2      -
Plasmodium_yoelii_17  167          0.058  0.057  0.953   _    1      -
Thamnophis_sirtalis   212          0.419  0.171  0.228   M    5     30
Bactrocera_oleae      192          0.069  0.041  0.956   _    1      -
Dictyostelium_discoi  179          0.054  0.161  0.900   _    2      -
Saccharomyces_cerevi  222          0.062  0.064  0.945   _    1      -
Pneumocystis_jirovec  155          0.042  0.167  0.868   _    2      -
Aspergillus_niger     202          0.200  0.059  0.801   _    2      -
Saccharomyces_cerevi  222          0.062  0.066  0.943   _    1      -
Plasmodium_reichenow  167          0.053  0.055  0.956   _    1      -
Saccharomyces_cerevi  222          0.062  0.064  0.945   _    1      -
Medicago_truncatula   450          0.164  0.038  0.883   _    2      -
Termitomyces_sp._J13  156          0.095  0.268  0.629   _    4      -
Ceratocystis_platani  239          0.230  0.057  0.794   _    3      -
Pongo_abelii          209          0.083  0.089  0.897   _    1      -
Rhinocladiella_macke  177          0.094  0.069  0.856   _    2      -
Talaromyces_verrucul  173          0.125  0.109  0.830   _    2      -
Spirochaeta_sp._JC20 1402          0.052  0.046  0.952   _    1      -
Saccharomyces_cerevi  385          0.619  0.030  0.445   M    5     23
Bacteroides_uniformi  164          0.075  0.932  0.038   S    1      -
Blastomyces_dermatit  214          0.538  0.037  0.552   _    5      -
Saccharomyces_cerevi  222          0.062  0.065  0.944   _    1      -
Saprolegnia_diclina_  141          0.054  0.174  0.861   _    2      -
Plasmodium_vivax_Mau  167          0.059  0.079  0.940   _    1      -
Escovopsis_weberi     154          0.044  0.242  0.765   _    3      -
Colobus_angolensis_p  177          0.024  0.170  0.952   _    2      -
Saccharomyces_cerevi  222          0.063  0.063  0.945   _    1      -
Aegilops_tauschii     145          0.642  0.022  0.398   M    4     26
Saccharomyces_cerevi  222          0.062  0.065  0.944   _    1      -
Saccharomyces_cerevi  222          0.062  0.065  0.944   _    1      -
Bipolaris_zeicola_26  195          0.110  0.121  0.803   _    2      -
Chaetomium_globosum_  242          0.633  0.038  0.413   M    4      -
Saccharomyces_cerevi  222          0.062  0.064  0.945   _    1      -
Novosphingobium_sp._  536          0.097  0.278  0.668   _    4      -
Fusarium_oxysporum_f  177          0.953  0.021  0.055   M    1    102
Anolis_carolinensis   212          0.727  0.091  0.182   M    3     24
Eimeria_maxima        214          0.098  0.058  0.933   _    1      -
Rasamsonia_emersonii  209          0.056  0.233  0.723   _    3      -
Raoultella_ornithino   94          0.044  0.890  0.238   S    2      -
Aspergillus_rambelli  217          0.116  0.145  0.832   _    2      -
Octopus_bimaculoides  204          0.247  0.136  0.649   _    3      -
Panthera_tigris_alta  281          0.263  0.165  0.330   _    5      -
Prunus_persica        180          0.290  0.035  0.758   _    3      -
Ceratotherium_simum_  141          0.087  0.213  0.838   _    2      -
Plasmodium_yoelii     167          0.058  0.053  0.955   _    1      -
Papilio_machaon       170          0.024  0.301  0.916   _    2      -
Geospiza_fortis       162          0.787  0.033  0.253   M    3     24
Aspergillus_flavus_N  217          0.170  0.108  0.814   _    2      -
Gloeophyllum_trabeum  208          0.075  0.129  0.886   _    2      -
Saccharomyces_cerevi  222          0.062  0.064  0.945   _    1      -
Pneumocystis_carinii  155          0.034  0.181  0.886   _    2      -
Stereum_hirsutum_FP-  206          0.052  0.093  0.938   _    1      -
Plasmodium_vivax_Ind  183          0.073  0.127  0.908   _    2      -
Ceratitis_capitata    174          0.015  0.233  0.952   _    2      -
Meyerozyma_guillierm  245          0.426  0.064  0.547   _    5      -
Strongyloides_ratti   213          0.102  0.115  0.873   _    2      -
Tremella_mesenterica  182          0.062  0.222  0.830   _    2      -
Ovis_aries_musimon    280          0.089  0.055  0.921   _    1      -
Biomphalaria_glabrat  202          0.262  0.035  0.805   _    3      -
Plasmodium_falciparu  167          0.053  0.055  0.956   _    1      -
Cricetulus_griseus    172          0.023  0.173  0.938   _    2      -
Marmota_marmota_marm  150          0.670  0.050  0.296   M    4     45
Leptomonas_pyrrhocor  152          0.063  0.182  0.868   _    2      -
Pochonia_chlamydospo  233          0.384  0.059  0.574   _    5      -
Colletotrichum_grami  196          0.050  0.089  0.935   _    1      -
Peromyscus_maniculat  172          0.022  0.167  0.941   _    2      -
Poecilia_latipinna    135          0.025  0.453  0.829   _    4      -
Solanum_pennellii     185          0.109  0.039  0.914   _    1      -
Alligator_mississipp  207          0.228  0.032  0.814   _    3      -
Saccharomyces_cerevi  222          0.062  0.064  0.945   _    1      -
Dipodomys_ordii       209          0.121  0.087  0.855   _    2      -
Cryptococcus_neoform  187          0.052  0.556  0.547   S    5      -
Coturnix_japonica     178          0.021  0.839  0.330   S    3      -
Cryptococcus_neoform  187          0.050  0.538  0.544   _    5      -
Pseudozyma_hubeiensi  140          0.382  0.046  0.539   _    5      -
Fibroporia_radiculos  208          0.064  0.168  0.870   _    2      -
Fusarium_fujikuroi_I  152          0.044  0.309  0.757   _    3      -
Yarrowia_lipolytica_  185          0.161  0.168  0.680   _    3      -
Coccidioides_immitis  127          0.516  0.049  0.505   M    5     27
Trametes_versicolor_  208          0.054  0.100  0.922   _    1      -
Lasius_niger          163          0.017  0.329  0.907   _    3      -
Geotrichum_candidum   420          0.094  0.038  0.931   _    1      -
Dasypus_novemcinctus  247          0.088  0.198  0.686   _    3      -
Cordyceps_confragosa  237          0.232  0.071  0.701   _    3      -
Clonorchis_sinensis   223          0.137  0.103  0.825   _    2      -
Plasmodium_falciparu  112          0.271  0.306  0.228   S    5      -
Erinaceus_europaeus   299          0.761  0.050  0.268   M    3     80
Magnaporthiopsis_poa  154          0.040  0.304  0.753   _    3      -
Burkholderia_ubonens  240          0.295  0.063  0.705   _    3      -
Metarhizium_anisopli  225          0.237  0.196  0.579   _    4      -
Diaporthe_ampelina    158          0.037  0.198  0.847   _    2      -
Edhazardia_aedis_USN  123          0.249  0.089  0.684   _    3      -
Acanthamoeba_castell  185          0.112  0.077  0.897   _    2      -
Stemphylium_lycopers  232          0.107  0.045  0.912   _    1      -
Plasmodium_falciparu  193          0.081  0.045  0.950   _    1      -
Bos_taurus            212          0.746  0.200  0.059   M    3     37
Papilio_xuthus        170          0.027  0.236  0.916   _    2      -
Wallemia_mellicola_C  211          0.079  0.052  0.940   _    1      -
Talaromyces_islandic  207          0.153  0.063  0.855   _    2      -
Moesziomyces_aphidis  194          0.054  0.268  0.793   _    3      -
Plasmodium_falciparu  193          0.081  0.045  0.950   _    1      -
Parus_major           206          0.080  0.077  0.895   _    1      -
Mandrillus_leucophae  141          0.055  0.241  0.869   _    2      -
Ricinus_communis      146          0.242  0.160  0.545   _    4      -
Cavia_porcellus       173          0.176  0.086  0.791   _    2      -
Vavraia_culicis_subs  133          0.129  0.080  0.854   _    2      -
Colletotrichum_incan  196          0.061  0.069  0.933   _    1      -
Trichogramma_pretios  187          0.042  0.419  0.739   _    4      -
Plasmodiophora_brass  203          0.066  0.123  0.903   _    2      -
Odobenus_rosmarus_di  436          0.126  0.116  0.813   _    2      -
Saccharomyces_cerevi  222          0.062  0.065  0.944   _    1      -
Saccharomyces_cerevi  222          0.062  0.065  0.944   _    1      -
Saccharomyces_cerevi  222          0.062  0.065  0.944   _    1      -
Verticillium_longisp 1057          0.123  0.030  0.911   _    2      -
Dinoponera_quadricep  161          0.020  0.273  0.925   _    2      -
Pseudoalteromonas_pi  145          0.185  0.044  0.815   _    2      -
Sulfolobus_sp._JCM_1  184          0.025  0.925  0.053   S    1      -
Vitrella_brassicafor  178          0.163  0.031  0.895   _    2      -
Coccomyxa_subellipso  226          0.059  0.119  0.885   _    2      -
Plasmodium_falciparu  193          0.081  0.045  0.950   _    1      -
Saccharomyces_cerevi  222          0.062  0.064  0.945   _    1      -
Exaiptasia_pallida    201          0.058  0.082  0.943   _    1      -
Burkholderia_sp._RF2 4480          0.083  0.194  0.826   _    2      -
Papilio_polytes       192          0.057  0.070  0.930   _    1      -
Nosema_bombycis_CQ1   116          0.163  0.082  0.795   _    2      -
Sparus_aurata         135          0.024  0.604  0.736   _    5      -
Oryctes_borbonicus    168          0.058  0.101  0.932   _    1      -
Trachymyrmex_zeteki   164          0.073  0.061  0.936   _    1      -
Emiliania_huxleyi_CC  231          0.032  0.303  0.905   _    2      -
Eimeria_tenella       207          0.153  0.049  0.869   _    2      -
Monomorium_pharaonis  263          0.069  0.492  0.400   S    5      -
Orussus_abietinus     266          0.271  0.128  0.408   _    5      -
Trichosporon_asahii_  235          0.232  0.056  0.770   _    3      -
Schizosaccharomyces_  210          0.116  0.050  0.905   _    2      -
Columba_livia         455          0.049  0.252  0.875   _    2      -
Falco_cherrug         144          0.562  0.054  0.367   M    5     30
Cucumis_melo          183          0.096  0.056  0.879   _    2      -
Fomitopsis_pinicola_  158          0.027  0.238  0.836   _    3      -
Gelatoporia_subvermi  208          0.081  0.127  0.861   _    2      -
Aedes_aegypti         202          0.124  0.051  0.867   _    2      -
Tolypocladium_ophiog  182          0.152  0.113  0.708   _    3      -
Neodiprion_lecontei   192          0.109  0.032  0.928   _    1      -
Astyanax_mexicanus    172          0.020  0.184  0.949   _    2      -
Trichoderma_harzianu  193          0.071  0.047  0.941   _    1      -
Phaeomoniella_chlamy  198          0.225  0.068  0.747   _    3      -
Sorghum_bicolor       146          0.435  0.101  0.427   M    5    115
Salmo_salar           309          0.277  0.100  0.498   _    4      -
Triatoma_dimidiata    196          0.111  0.023  0.930   _    1      -
Torrubiella_hemipter  175          0.129  0.065  0.807   _    2      -
Xanthophyllomyces_de  201          0.050  0.304  0.805   _    3      -
Saccharomyces_cerevi  222          0.062  0.064  0.945   _    1      -
Thecamonas_trahens_A  147          0.214  0.154  0.549   _    4      -
Danio_rerio           208          0.063  0.060  0.944   _    1      -
Mesocricetus_auratus  165          0.081  0.085  0.895   _    1      -
Aschersonia_aleyrodi  237          0.478  0.064  0.435   M    5     62
Blumeria_graminis_f.  174          0.855  0.054  0.126   M    2     99
Rosellinia_necatrix   204          0.190  0.176  0.660   _    3      -
Rhodotorula_graminis  164          0.033  0.380  0.761   _    4      -
Saccharomyces_cerevi  222          0.062  0.065  0.944   _    1      -
Podospora_anserina_S  210          0.191  0.140  0.676   _    3      -
Pelodiscus_sinensis   171          0.502  0.035  0.508   _    5      -
Candida_auris         219          0.103  0.435  0.514   _    5      -
Trypanosoma_brucei_b  152          0.040  0.209  0.925   _    2      -
Cyberlindnera_jadini  216          0.140  0.062  0.856   _    2      -
Microtus_ochrogaster  137          0.876  0.075  0.085   M    2     31
Beta_vulgaris_subsp.  265          0.072  0.091  0.907   _    1      -
Cyberlindnera_fabian  207          0.794  0.084  0.105   M    2     77
Trichoderma_gamsii    154          0.041  0.241  0.773   _    3      -
Tilletiaria_anomala_  195          0.023  0.527  0.798   _    4      -
Haplochromis_burtoni  135          0.028  0.350  0.860   _    3      -
Saccharomyces_cerevi  222          0.062  0.064  0.945   _    1      -
Mustela_putorius_fur  330          0.372  0.181  0.374   _    5      -
Citrus_clementina     225          0.037  0.152  0.924   _    2      -
Linepithema_humile    163          0.019  0.319  0.900   _    3      -
Cyprinodon_variegatu  215          0.088  0.081  0.911   _    1      -
Pristionchus_pacific  204          0.107  0.063  0.906   _    2      -
Aspergillus_fumigatu  197          0.036  0.135  0.937   _    1      -
Klebsormidium_flacci  148          0.605  0.055  0.358   M    4     32
Wasmannia_auropuncta  260          0.240  0.139  0.484   _    4      -
Rhodotorula_sp._JG-1  175          0.055  0.250  0.860   _    2      -
Fusarium_oxysporum_F  177          0.953  0.021  0.055   M    1     78
Atta_colombica        225          0.143  0.042  0.885   _    2      -
Bombus_terrestris     419          0.053  0.641  0.520   S    5      -
Melanopsichium_penns  198          0.089  0.127  0.888   _    2      -
Saccharomyces_cerevi  222          0.062  0.066  0.943   _    1      -
Trichosporon_oleagin  156          0.025  0.236  0.904   _    2      -
Puccinia_striiformis  269          0.149  0.050  0.858   _    2      -
Anopheles_sinensis    166          0.055  0.184  0.916   _    2      -
Drosophila_pseudoobs  206          0.120  0.053  0.869   _    2      -
Myotis_davidii        140          0.152  0.157  0.756   _    3      -
Drosophila_persimili  173          0.019  0.221  0.946   _    2      -
Apis_mellifera        191          0.071  0.038  0.948   _    1      -
Ornithorhynchus_anat  189          0.214  0.050  0.795   _    3      -
Lichtheimia_ramosa    520          0.121  0.077  0.855   _    2      -
Solanum_tuberosum     236          0.035  0.152  0.922   _    2      -
Pseudoloma_neurophil  145          0.071  0.080  0.932   _    1      -
Salpingoeca_rosetta   164          0.058  0.165  0.915   _    2      -
Amborella_trichopoda  177          0.153  0.036  0.894   _    2      -
Saccharomyces_cerevi  222          0.062  0.064  0.945   _    1      -
Saccharomyces_cerevi  222          0.062  0.064  0.945   _    1      -
Oryza_brachyantha     225          0.044  0.114  0.954   _    1      -
Sturnus_vulgaris      166          0.023  0.158  0.951   _    2      -
Ostreococcus_tauri    261          0.027  0.155  0.951   _    2      -
Aneurinibacillus_ane  705          0.196  0.031  0.845   _    2      -
Pongo_pygmaeus        141          0.121  0.171  0.801   _    2      -
Sorex_araneus         111          0.048  0.561  0.773   _    4      -
Uncinocarpus_reesii_  227          0.631  0.034  0.472   M    5     24
Gaeumannomyces_grami  233          0.200  0.055  0.828   _    2      -
Lactobacillus_sp.     132          0.013  0.942  0.059   S    1      -
Byssochlamys_spectab  468          0.128  0.064  0.872   _    2      -
Pseudocercospora_fij  168          0.067  0.183  0.868   _    2      -
Pseudomonas_sp._Leaf  455          0.107  0.073  0.875   _    2      -
Saccharomyces_cerevi  222          0.062  0.064  0.945   _    1      -
Saccharomyces_cerevi  222          0.062  0.065  0.943   _    1      -
Atta_cephalotes       193          0.036  0.063  0.969   _    1      -
Trichinella_nativa    256          0.066  0.044  0.941   _    1      -
Helobdella_robusta    172          0.092  0.079  0.878   _    2      -
Burkholderia_sp._MSM 4479          0.086  0.191  0.821   _    2      -
Histoplasma_capsulat  143          0.081  0.151  0.757   _    2      -
Fusarium_langsethiae  178          0.219  0.086  0.696   _    3      -
Trichinella_zimbabwe  257          0.094  0.046  0.901   _    1      -
Calidris_pugnax       136          0.136  0.188  0.558   _    4      -
Fusarium_oxysporum_F  145          0.106  0.432  0.353   S    5      -
Saccharomyces_cerevi  222          0.062  0.064  0.945   _    1      -
Saccharomyces_cerevi  222          0.062  0.064  0.945   _    1      -
Bipolaris_maydis_ATC  223          0.202  0.062  0.772   _    3      -
Saccharomyces_cerevi  222          0.062  0.064  0.945   _    1      -
Saccharomyces_cerevi  222          0.062  0.064  0.945   _    1      -
Saccharomyces_cerevi  222          0.062  0.064  0.945   _    1      -
Saccharomyces_eubaya  219          0.124  0.093  0.823   _    2      -
Saccharomyces_cerevi  222          0.062  0.064  0.945   _    1      -
Aureobasidium_subgla  159          0.069  0.155  0.832   _    2      -
Microplitis_demolito  195          0.070  0.047  0.937   _    1      -
Pediococcus_stilesii   53          0.132  0.079  0.785   _    2      -
Kluyveromyces_marxia  219          0.119  0.056  0.890   _    2      -
Megachile_rotundata   172          0.061  0.134  0.916   _    2      -
Aspergillus_flavus_A  508          0.959  0.026  0.070   M    1     81
Schizopora_paradoxa   163          0.028  0.128  0.930   _    1      -
Triticum_aestivum     262          0.753  0.030  0.297   M    3     82
Clavispora_lusitania  209          0.146  0.059  0.879   _    2      -
Aspergillus_terreus_  234          0.120  0.084  0.867   _    2      -
Aspergillus_parasiti  154          0.058  0.220  0.743   _    3      -
Galdieria_sulphurari  211          0.079  0.087  0.918   _    1      -
Stegodyphus_mimosaru  129          0.721  0.032  0.247   M    3    111
Oryza_sativa_Indica_  223          0.030  0.184  0.922   _    2      -
Cryptococcus_deutero  241          0.154  0.124  0.792   _    2      -
Plasmodium_berghei    167          0.056  0.059  0.955   _    1      -
Strongylocentrotus_p  322          0.140  0.856  0.025   S    2      -
Streptomyces_scopuli  438          0.578  0.027  0.558   M    5     33
Crotalus_adamanteus   210          0.147  0.069  0.834   _    2      -
Ordospora_colligata_  126          0.102  0.059  0.880   _    2      -
Dufourea_novaeanglia  173          0.123  0.064  0.879   _    2      -
Larimichthys_crocea   172          0.023  0.169  0.948   _    2      -
Saccharomyces_cerevi  222          0.062  0.064  0.945   _    1      -
Saccharomyces_cerevi  222          0.062  0.064  0.945   _    1      -
Myotis_lucifugus      169          0.022  0.175  0.943   _    2      -
Trichinella_sp._T6    236          0.012  0.981  0.071   S    1      -
Aspergillus_udagawae  217          0.156  0.189  0.668   _    3      -
Saccharomyces_cerevi  222          0.062  0.064  0.945   _    1      -
Saccharomyces_cerevi  222          0.062  0.064  0.945   _    1      -
Trichinella_sp._T8    154          0.161  0.267  0.545   _    4      -
Trichinella_sp._T9    254          0.006  0.990  0.094   S    1      -
Lottia_gigantea       326          0.034  0.186  0.878   _    2      -
Rhizopus_microsporus  195          0.212  0.050  0.822   _    2      -
Coniophora_puteana_R  158          0.161  0.208  0.706   _    3      -
Ophiostoma_piceae_UA  152          0.053  0.200  0.826   _    2      -
Caenorhabditis_elega  210          0.100  0.135  0.866   _    2      -
Sinocyclocheilus_rhi  208          0.078  0.057  0.929   _    1      -
Alligator_sinensis    419          0.041  0.127  0.933   _    1      -
Xenopus_tropicalis    258          0.086  0.087  0.900   _    1      -
Candida_albicans_WO-  218          0.173  0.052  0.863   _    2      -
Metarhizium_rileyi_R  233          0.409  0.052  0.592   _    5      -
Aquila_chrysaetos_ca  136          0.129  0.188  0.594   _    3      -
Saccharomyces_cerevi  222          0.062  0.064  0.945   _    1      -
Phytophthora_nicotia  141          0.050  0.114  0.870   _    2      -
Cyphellophora_europa  172          0.258  0.077  0.722   _    3      -
Nematocida_parisii_E  119          0.208  0.106  0.596   _    4      -
Ogataea_parapolymorp  220          0.159  0.054  0.835   _    2      -
Ochotona_princeps     141          0.103  0.315  0.758   _    3      -
Zymoseptoria_brevis   166          0.093  0.173  0.830   _    2      -
Athalia_rosae         194          0.239  0.028  0.841   _    2      -
Oreochromis_niloticu  219          0.930  0.023  0.080   M    1      5
Trichechus_manatus_l  221          0.203  0.054  0.823   _    2      -
Streptomyces_regalis  122          0.039  0.886  0.234   S    2      -
Penicillium_freii     197          0.037  0.131  0.940   _    1      -
Plasmodium_vivax_Bra  167          0.059  0.079  0.940   _    1      -
Anas_platyrhynchos    144          0.562  0.054  0.367   M    5     19
Acytostelium_subglob   67          0.047  0.173  0.858   _    2      -
Equus_caballus        171          0.024  0.170  0.952   _    2      -
Plasmodium_falciparu  167          0.053  0.055  0.956   _    1      -
Jaculus_jaculus       241          0.086  0.115  0.879   _    2      -
Glarea_lozoyensis_AT  160          0.062  0.178  0.823   _    2      -
Drosophila_mojavensi  195          0.085  0.034  0.940   _    1      -
Metarhizium_anisopli  196          0.040  0.163  0.925   _    2      -
Phialophora_attae     239          0.381  0.038  0.623   _    4      -
Diplodia_seriata      184          0.320  0.080  0.613   _    4      -
Kluyveromyces_marxia  219          0.119  0.056  0.890   _    2      -
Polistes_canadensis   262          0.207  0.132  0.646   _    3      -
Saccharomyces_cerevi  222          0.062  0.064  0.945   _    1      -
Plasmodium_chabaudi_  167          0.055  0.060  0.952   _    1      -
Arabidopsis_thaliana  499          0.935  0.011  0.137   M    2    115
Saccharomyces_cerevi  222          0.062  0.064  0.945   _    1      -
Magnaporthe_oryzae_P  204          0.075  0.190  0.877   _    2      -
Plasmodium_fragile    167          0.066  0.070  0.940   _    1      -
Plasmodium_cynomolgi  181          0.136  0.112  0.835   _    2      -
Copidosoma_floridanu  200          0.331  0.037  0.728   _    4      -
Eutypa_lata_UCREL1    152          0.042  0.292  0.763   _    3      -
Rhodotorula_toruloid  275          0.358  0.024  0.785   _    3      -
Fundulus_heteroclitu  278          0.077  0.050  0.935   _    1      -
Macaca_mulatta        209          0.090  0.085  0.893   _    1      -
Magnaporthe_oryzae_Y  204          0.075  0.190  0.877   _    2      -
Blastocystis_hominis  182          0.065  0.092  0.947   _    1      -
Canis_lupus_familiar   74          0.045  0.156  0.920   _    2      -
Fusarium_graminearum  227          0.121  0.267  0.702   _    3      -
Propithecus_coquerel  209          0.093  0.085  0.888   _    2      -
Gallus_gallus         232          0.595  0.031  0.408   M    5     33
Saccharomyces_cerevi  222          0.062  0.065  0.944   _    1      -
Saccharomyces_cerevi  222          0.062  0.064  0.945   _    1      -
Saccharomyces_cerevi  222          0.062  0.064  0.945   _    1      -
Apteryx_australis_ma  162          0.700  0.030  0.374   M    4     11
Trachipleistophora_h  133          0.241  0.053  0.772   _    3      -
Pneumocystis_murina_  158          0.054  0.313  0.749   _    3      -
Trichinella_murrelli  154          0.161  0.267  0.545   _    4      -
Allomyces_macrogynus  138          0.733  0.062  0.185   M    3     27
Fusarium_pseudogrami  152          0.053  0.208  0.835   _    2      -
Rhizoctonia_solani    161          0.030  0.169  0.897   _    2      -
Phytophthora_parasit  160          0.050  0.265  0.839   _    3      -
Bipolaris_victoriae_  223          0.209  0.062  0.759   _    3      -
Cyprinus_carpio       160          0.148  0.110  0.768   _    2      -
Colletotrichum_gloeo  238          0.326  0.036  0.707   _    4      -
Sarcoptes_scabiei     186          0.044  0.089  0.956   _    1      -
Echinococcus_multilo  180          0.071  0.196  0.791   _    3      -
Brugia_malayi         183          0.087  0.185  0.831   _    2      -
Babesia_microti_stra  175          0.071  0.071  0.937   _    1      -
Aspergillus_nomius_N  161          0.215  0.052  0.782   _    3      -
Saccharomyces_cerevi  222          0.062  0.066  0.943   _    1      -
Drosophila_melanogas  195          0.059  0.043  0.959   _    1      -
Saccharomyces_cerevi  222          0.062  0.065  0.944   _    1      -
Saccharomyces_cerevi  222          0.062  0.064  0.945   _    1      -
Saitoella_complicata  223          0.111  0.113  0.816   _    2      -
Homo_sapiens          173          0.055  0.129  0.906   _    2      -
synthetic_construct   208          0.082  0.084  0.900   _    1      -
Fusarium_oxysporum_f  177          0.953  0.021  0.055   M    1     43
Amblyomma_maculatum   198          0.107  0.090  0.870   _    2      -
Blastomyces_gilchris  214          0.538  0.037  0.552   _    5      -
Tupaia_chinensis      243          0.321  0.098  0.483   _    5      -
Microdochium_bolleyi  246          0.629  0.036  0.505   M    5     98
Campylobacter_fetus_  142          0.353  0.722  0.021   S    4      -
Chelonia_mydas        123          0.069  0.353  0.577   _    4      -
Penicillium_roquefor  178          0.104  0.107  0.775   _    2      -
Triticum_urartu       189          0.128  0.060  0.877   _    2      -
Drosophila_ananassae  206          0.079  0.083  0.878   _    2      -
Apis_florea           194          0.038  0.270  0.843   _    3      -
Hyaloperonospora_ara  203          0.027  0.580  0.314   S    4      -
Saccharomyces_cerevi  385          0.603  0.030  0.465   M    5    107
Drosophila_sechellia  185          0.023  0.198  0.943   _    2      -
Vigna_angularis       206          0.150  0.154  0.808   _    2      -
Exophiala_aquamarina  238          0.211  0.056  0.795   _    3      -
Trichophyton_rubrum   217          0.162  0.082  0.886   _    2      -
Sporidiobolus_salmon  267          0.186  0.086  0.865   _    2      -
Penicillium_nordicum  231          0.126  0.368  0.465   _    5      -
Stomoxys_calcitrans   193          0.084  0.049  0.927   _    1      -
Agaricus_bisporus_va  158          0.102  0.185  0.835   _    2      -
Sporothrix_schenckii  248          0.838  0.027  0.254   M    3     26
Saccharomyces_cerevi  222          0.063  0.063  0.945   _    1      -
Trichoderma_virens_G  154          0.048  0.201  0.801   _    2      -
Saccharomyces_cerevi  222          0.062  0.064  0.945   _    1      -
Saccharomyces_cerevi  222          0.062  0.064  0.945   _    1      -
Lucilia_cuprina       170          0.030  0.141  0.931   _    2      -
Saccharomyces_cerevi  222          0.062  0.064  0.945   _    1      -
Wallemia_ichthyophag  401          0.139  0.048  0.882   _    2      -
Eremothecium_sinecau  214          0.129  0.064  0.870   _    2      -
Zostera_marina        195          0.084  0.050  0.940   _    1      -
Schizosaccharomyces_  212          0.671  0.157  0.089   M    3     33
Necator_americanus    260          0.166  0.666  0.171   S    3      -
Esox_lucius           201          0.276  0.035  0.786   _    3      -
Paraphaeosphaeria_sp  218          0.292  0.055  0.729   _    3      -
Moniliophthora_rorer  186          0.072  0.217  0.803   _    3      -
Trichinella_nelsoni   254          0.026  0.905  0.210   S    2      -
Saccharomyces_cerevi  222          0.062  0.064  0.945   _    1      -
Populus_trichocarpa   214          0.093  0.023  0.958   _    1      -
Pseudopodoces_humili  206          0.058  0.527  0.567   _    5      -
Moesziomyces_antarct  254          0.220  0.076  0.735   _    3      -
Burkholderia_cepacia 4478          0.083  0.194  0.826   _    2      -
Capsella_rubella       94          0.055  0.152  0.883   _    2      -
Saccharomyces_cerevi  222          0.062  0.064  0.945   _    1      -
Perkinsela_sp._CCAP_  154          0.036  0.266  0.893   _    2      -
Alternaria_alternata  226          0.201  0.048  0.837   _    2      -
Leishmania_infantum_  306          0.378  0.038  0.642   _    4      -
Cryptococcus_neoform  187          0.050  0.538  0.544   _    5      -
Leishmania_brazilien  226          0.454  0.110  0.483   _    5      -
Emmonsia_crescens_UA  216          0.295  0.042  0.751   _    3      -
Eimeria_mitis         214          0.149  0.058  0.883   _    2      -
Habropoda_laboriosa   185          0.109  0.124  0.811   _    2      -
Plutella_xylostella   195          0.041  0.164  0.901   _    2      -
Penicillium_brasilia  154          0.057  0.214  0.754   _    3      -
Saccharomyces_cerevi  222          0.062  0.064  0.945   _    1      -
Fomitiporia_mediterr  180          0.088  0.291  0.735   _    3      -
Phytophthora_parasit  913          0.787  0.425  0.007   M    4    108
Trichinella_britovi   236          0.012  0.981  0.071   S    1      -
Magnaporthe_oryzae_7  154          0.040  0.301  0.762   _    3      -
Hymenobacter_sp._DG5  523          0.051  0.313  0.814   _    3      -
Auricularia_subglabr  209          0.202  0.042  0.830   _    2      -
Coccidioides_posadas  152          0.055  0.245  0.730   _    3      -
Miniopterus_natalens  179          0.086  0.084  0.902   _    1      -
Bombus_impatiens      471          0.055  0.081  0.907   _    1      -
Drechmeria_coniospor  241          0.512  0.029  0.584   _    5      -
Ficedula_albicollis   136          0.149  0.163  0.604   _    3      -
Saccharomyces_cerevi  222          0.062  0.064  0.945   _    1      -
Poecilia_formosa      296          0.551  0.210  0.080   M    4     90
Lepisosteus_oculatus  124          0.027  0.969  0.042   S    1      -
Heterobasidion_irreg  208          0.050  0.111  0.935   _    1      -
Drosophila_williston  179          0.017  0.230  0.944   _    2      -
Microbotryum_lychnid  289          0.545  0.029  0.566   _    5      -
Vigna_radiata_var._r  199          0.100  0.046  0.893   _    2      -
Oryza_sativa_Japonic  235          0.052  0.146  0.939   _    2      -
Poecilia_mexicana     468          0.131  0.156  0.796   _    2      -
Lingula_anatina       194          0.418  0.038  0.695   _    4      -
Sphaerulina_musiva_S  226          0.119  0.094  0.839   _    2      -
Brachypodium_distach  212          0.081  0.042  0.929   _    1      -
Amazona_aestiva       289          0.716  0.035  0.321   M    4    110
Kuraishia_capsulata_  205          0.197  0.086  0.719   _    3      -
Trichinella_pseudosp 2100          0.041  0.101  0.947   _    1      -
Sinocyclocheilus_gra  208          0.075  0.057  0.932   _    1      -
Micrurus_fulvius      166          0.022  0.171  0.950   _    2      -
Mitosporidium_daphni  222          0.047  0.096  0.936   _    1      -
Fusarium_oxysporum_f  177          0.953  0.024  0.053   M    1     27
Erythranthe_guttata   146          0.392  0.119  0.403   _    5      -
Cordyceps_brongniart  237          0.298  0.064  0.645   _    4      -
Saccharomyces_cerevi  222          0.062  0.064  0.945   _    1      -
Cyanidioschyzon_mero  214          0.578  0.047  0.353   M    4     24
Saccharomyces_cerevi  222          0.062  0.064  0.945   _    1      -
Saccharomyces_cerevi  222          0.062  0.064  0.945   _    1      -
Saccharomyces_cerevi  222          0.062  0.064  0.945   _    1      -
Sporothrix_schenckii  204          0.057  0.122  0.923   _    1      -
Drosophila_erecta     198          0.129  0.033  0.900   _    2      -
Saccharomyces_cerevi  222          0.062  0.065  0.944   _    1      -
Aureobasidium_namibi  217          0.122  0.077  0.872   _    2      -
Hydra_vulgaris        176          0.037  0.116  0.920   _    1      -
Hypsizygus_marmoreus  663          0.567  0.049  0.483   M    5     12
Saccharomyces_cerevi  222          0.062  0.064  0.945   _    1      -
Trichinella_spiralis  194          0.079  0.125  0.852   _    2      -
Octodon_degus         172          0.215  0.078  0.760   _    3      -
Aplysia_californica   452          0.167  0.039  0.898   _    2      -
Equus_asinus          150          0.707  0.032  0.281   M    3      7
Setaria_italica       202          0.153  0.063  0.864   _    2      -
Plasmopara_halstedii 1020          0.077  0.915  0.029   S    1      -
Marssonina_brunnea_f  159          0.054  0.213  0.797   _    3      -
Acyrthosiphon_pisum   160          0.015  0.307  0.899   _    3      -
Schistosoma_haematob  222          0.020  0.884  0.251   S    2      -
Spizellomyces_puncta  250          0.321  0.056  0.719   _    4      -
Bacteroides_dorei     164          0.075  0.932  0.038   S    1      -
Cyanothece_sp._PCC_8  410          0.032  0.926  0.082   S    1      -
Cyanothece_sp._PCC_8  410          0.032  0.926  0.082   S    1      -
Eufriesea_mexicana    184          0.189  0.084  0.782   _    3      -
Aspergillus_calidous  181          0.171  0.142  0.559   _    4      -
Drosophila_virilis    261          0.280  0.103  0.518   _    4      -
Penicillium_digitatu  216          0.123  0.296  0.564   _    4      -
Drechslerella_stenob  265          0.224  0.069  0.806   _    3      -
Drosophila_busckii    237          0.036  0.322  0.854   _    3      -
Thielaviopsis_punctu  237          0.079  0.182  0.869   _    2      -
Pteropus_alecto       457          0.072  0.219  0.816   _    3      -
Chrysochromulina_sp.  211          0.130  0.040  0.907   _    2      -
Vollenhovia_emeryi    260          0.109  0.380  0.435   _    5      -
Drosophila_yakuba     173          0.020  0.218  0.941   _    2      -
Pan_paniscus          222          0.032  0.077  0.941   _    1      -
Neofusicoccum_parvum  179          0.236  0.044  0.785   _    3      -
Orcinus_orca          315          0.053  0.090  0.934   _    1      -
Falco_peregrinus      222          0.108  0.092  0.836   _    2      -
Mucor_circinelloides  149          0.077  0.047  0.913   _    1      -
Trichoderma_atroviri  227          0.060  0.434  0.751   _    4      -
Jatropha_curcas       527          0.243  0.050  0.739   _    3      -
Saccharomyces_cerevi  222          0.062  0.065  0.944   _    1      -
Dichomitus_squalens_  206          0.066  0.134  0.898   _    2      -
Mus_musculus          194          0.052  0.192  0.887   _    2      -
Saccharomyces_cerevi  222          0.062  0.064  0.945   _    1      -
Schistocephalus_soli  182          0.055  0.190  0.840   _    2      -
Theobroma_cacao       146          0.187  0.180  0.610   _    3      -
Dacryopinax_primogen  185          0.033  0.170  0.884   _    2      -
Saccharomyces_cerevi  222          0.062  0.064  0.945   _    1      -
Parastagonospora_nod  230          0.231  0.067  0.741   _    3      -
Cucumis_sativus       177          0.129  0.059  0.856   _    2      -
Colletotrichum_orbic  169          0.048  0.095  0.926   _    1      -
Plasmodium_berghei_A  167          0.056  0.059  0.955   _    1      -
Gorilla_gorilla_gori  141          0.121  0.171  0.801   _    2      -
Poeciliopsis_prolifi  211          0.067  0.049  0.945   _    1      -
Saccharomyces_cerevi  222          0.062  0.066  0.943   _    1      -
Saccharomyces_cerevi  239          0.942  0.016  0.120   M    1    115
Limulus_polyphemus    234          0.067  0.070  0.925   _    1      -
Vicugna_pacos         107          0.275  0.362  0.161   S    5      -
Baudoinia_panamerica  233          0.102  0.119  0.877   _    2      -
Cercocebus_atys       212          0.857  0.101  0.079   M    2     70
Scleropages_formosus  207          0.100  0.042  0.936   _    1      -
Pan_troglodytes       141          0.121  0.171  0.801   _    2      -
Saccharomyces_cerevi  222          0.062  0.065  0.944   _    1      -
Saccharomyces_cerevi  222          0.062  0.065  0.944   _    1      -
Cephus_cinctus        206          0.243  0.022  0.848   _    2      -
Trachymyrmex_cornetz  204          0.072  0.066  0.937   _    1      -
Phaeoacremonium_mini  143          0.039  0.304  0.764   _    3      -
Neorhizobium_galegae  320          0.100  0.124  0.825   _    2      -
Coccidioides_immitis  217          0.133  0.175  0.734   _    3      -
Fonsecaea_pedrosoi_C  226          0.089  0.209  0.815   _    2      -
Valsa_mali_var._pyri  154          0.043  0.282  0.760   _    3      -
Schizosaccharomyces_  446          0.947  0.020  0.087   M    1     30
Vittaforma_corneae_A  119          0.336  0.063  0.623   _    4      -
Eimeria_acervulina    284          0.075  0.029  0.952   _    1      -
Saccharomyces_cerevi  222          0.062  0.064  0.945   _    1      -
Saccharomyces_cerevi  222          0.062  0.064  0.945   _    1      -
Coccidioides_immitis  186          0.698  0.072  0.128   M    3     13
Penicillium_digitatu  216          0.123  0.296  0.564   _    4      -
Plasmodium_vivax_Nor  167          0.059  0.079  0.940   _    1      -
Bipolaris_sorokinian  223          0.198  0.062  0.780   _    3      -
Polistes_dominula     262          0.233  0.087  0.665   _    3      -
Cimex_lectularius     178          0.055  0.293  0.870   _    3      -
Melopsittacus_undula  243          0.182  0.086  0.785   _    2      -
Beauveria_bassiana_A  222          0.119  0.099  0.908   _    2      -
Burkholderia_sp._RF4 4486          0.082  0.195  0.826   _    2      -
Hirsutella_minnesote  234          0.400  0.055  0.517   _    5      -
Babesia_bigemina      177          0.040  0.168  0.923   _    2      -
Ustilaginoidea_viren  154          0.045  0.199  0.811   _    2      -
Hymenolepis_microsto  493          0.118  0.059  0.901   _    2      -
Neorhizobium_galegae  320          0.100  0.124  0.825   _    2      -
----------------------------------------------------------------------
cutoff                             0.000  0.000  0.000
